The target system is: Generic - 3.7.2 - arm
The host system is: Linux - 6.8.0-107-generic - x86_64
Compiling the C compiler identification source file "CMakeCCompilerId.c" succeeded.
Compiler: /home/romain/zephyr-sdk-0.16.1/arm-zephyr-eabi/bin/arm-zephyr-eabi-gcc 
Build flags: 
Id flags: -c 

The output was:
0


Compilation of the C compiler identification source "CMakeCCompilerId.c" produced "CMakeCCompilerId.o"

The C compiler identification is GNU, found in "/home/romain/Documents/Implementation/build/CMakeFiles/3.22.1/CompilerIdC/CMakeCCompilerId.o"

Compiling the CXX compiler identification source file "CMakeCXXCompilerId.cpp" succeeded.
Compiler: /home/romain/zephyr-sdk-0.16.1/arm-zephyr-eabi/bin/arm-zephyr-eabi-g++ 
Build flags: 
Id flags: -c 

The output was:
0


Compilation of the CXX compiler identification source "CMakeCXXCompilerId.cpp" produced "CMakeCXXCompilerId.o"

The CXX compiler identification is GNU, found in "/home/romain/Documents/Implementation/build/CMakeFiles/3.22.1/CompilerIdCXX/CMakeCXXCompilerId.o"

Checking whether the ASM compiler is GNU using "--version" matched "(GNU assembler)|(GCC)|(Free Software Foundation)":
arm-zephyr-eabi-gcc (Zephyr SDK 0.16.1) 12.2.0
Copyright (C) 2022 Free Software Foundation, Inc.
This is free software; see the source for copying conditions.  There is NO
warranty; not even for MERCHANTABILITY or FITNESS FOR A PARTICULAR PURPOSE.

Performing C SOURCE FILE Test check_C__nostartfiles__nostdlib__isystem___home_romain_zephyr_sdk_0_16_1_arm_zephyr_eabi_bin____lib_gcc_arm_zephyr_eabi_12_2_0_include___isystem___home_romain_zephyr_sdk_0_16_1_arm_zephyr_eabi_bin____lib_gcc_arm_zephyr_eabi_12_2_0_include_fixed___Wl___unresolved_symbols_ignore_in_object_files__Wl___entry_0 succeeded with the following output:
Change Dir: /home/romain/Documents/Implementation/build/CMakeFiles/CMakeTmp

Run Build Command(s):/usr/bin/ninja cmTC_e21ec && [1/2] Building C object CMakeFiles/cmTC_e21ec.dir/src.c.obj
[2/2] Linking C executable cmTC_e21ec


Source file was:
int main(void) { return 0; }
Performing C SOURCE FILE Test check_C__nostartfiles__nostdlib__isystem___home_romain_zephyr_sdk_0_16_1_arm_zephyr_eabi_bin____lib_gcc_arm_zephyr_eabi_12_2_0_include___isystem___home_romain_zephyr_sdk_0_16_1_arm_zephyr_eabi_bin____lib_gcc_arm_zephyr_eabi_12_2_0_include_fixed___Wl___unresolved_symbols_ignore_in_object_files__Wl___entry_0_ succeeded with the following output:
Change Dir: /home/romain/Documents/Implementation/build/CMakeFiles/CMakeTmp

Run Build Command(s):/usr/bin/ninja cmTC_9762c && [1/2] Building C object CMakeFiles/cmTC_9762c.dir/src.c.obj
[2/2] Linking C executable cmTC_9762c


Source file was:
int main(void) { return 0; }
Performing C SOURCE FILE Test check_Wall_C__nostartfiles__nostdlib__isystem___home_romain_zephyr_sdk_0_16_1_arm_zephyr_eabi_bin____lib_gcc_arm_zephyr_eabi_12_2_0_include___isystem___home_romain_zephyr_sdk_0_16_1_arm_zephyr_eabi_bin____lib_gcc_arm_zephyr_eabi_12_2_0_include_fixed___Wl___unresolved_symbols_ignore_in_object_files__Wl___entry_0 succeeded with the following output:
Change Dir: /home/romain/Documents/Implementation/build/CMakeFiles/CMakeTmp

Run Build Command(s):/usr/bin/ninja cmTC_3dd56 && [1/2] Building C object CMakeFiles/cmTC_3dd56.dir/src.c.obj
[2/2] Linking C executable cmTC_3dd56


Source file was:
int main(void) { return 0; }
Performing C SOURCE FILE Test check_Wformat__Wformat_security_C__nostartfiles__nostdlib__isystem___home_romain_zephyr_sdk_0_16_1_arm_zephyr_eabi_bin____lib_gcc_arm_zephyr_eabi_12_2_0_include___isystem___home_romain_zephyr_sdk_0_16_1_arm_zephyr_eabi_bin____lib_gcc_arm_zephyr_eabi_12_2_0_include_fixed___Wl___unresolved_symbols_ignore_in_object_files__Wl___entry_0 succeeded with the following output:
Change Dir: /home/romain/Documents/Implementation/build/CMakeFiles/CMakeTmp

Run Build Command(s):/usr/bin/ninja cmTC_f1ef3 && [1/2] Building C object CMakeFiles/cmTC_f1ef3.dir/src.c.obj
[2/2] Linking C executable cmTC_f1ef3


Source file was:
int main(void) { return 0; }
Performing C SOURCE FILE Test check_Wformat__Wformat_zero_length_C__nostartfiles__nostdlib__isystem___home_romain_zephyr_sdk_0_16_1_arm_zephyr_eabi_bin____lib_gcc_arm_zephyr_eabi_12_2_0_include___isystem___home_romain_zephyr_sdk_0_16_1_arm_zephyr_eabi_bin____lib_gcc_arm_zephyr_eabi_12_2_0_include_fixed___Wl___unresolved_symbols_ignore_in_object_files__Wl___entry_0 succeeded with the following output:
Change Dir: /home/romain/Documents/Implementation/build/CMakeFiles/CMakeTmp

Run Build Command(s):/usr/bin/ninja cmTC_3e372 && [1/2] Building C object CMakeFiles/cmTC_3e372.dir/src.c.obj
[2/2] Linking C executable cmTC_3e372


Source file was:
int main(void) { return 0; }
Performing C SOURCE FILE Test check_Wdouble_promotion_C__nostartfiles__nostdlib__isystem___home_romain_zephyr_sdk_0_16_1_arm_zephyr_eabi_bin____lib_gcc_arm_zephyr_eabi_12_2_0_include___isystem___home_romain_zephyr_sdk_0_16_1_arm_zephyr_eabi_bin____lib_gcc_arm_zephyr_eabi_12_2_0_include_fixed___Wl___unresolved_symbols_ignore_in_object_files__Wl___entry_0 succeeded with the following output:
Change Dir: /home/romain/Documents/Implementation/build/CMakeFiles/CMakeTmp

Run Build Command(s):/usr/bin/ninja cmTC_7801d && [1/2] Building C object CMakeFiles/cmTC_7801d.dir/src.c.obj
[2/2] Linking C executable cmTC_7801d


Source file was:
int main(void) { return 0; }
Performing C SOURCE FILE Test check_Wpointer_sign_C__nostartfiles__nostdlib__isystem___home_romain_zephyr_sdk_0_16_1_arm_zephyr_eabi_bin____lib_gcc_arm_zephyr_eabi_12_2_0_include___isystem___home_romain_zephyr_sdk_0_16_1_arm_zephyr_eabi_bin____lib_gcc_arm_zephyr_eabi_12_2_0_include_fixed___Wl___unresolved_symbols_ignore_in_object_files__Wl___entry_0 succeeded with the following output:
Change Dir: /home/romain/Documents/Implementation/build/CMakeFiles/CMakeTmp

Run Build Command(s):/usr/bin/ninja cmTC_2034c && [1/2] Building C object CMakeFiles/cmTC_2034c.dir/src.c.obj
[2/2] Linking C executable cmTC_2034c


Source file was:
int main(void) { return 0; }
Performing C SOURCE FILE Test check_Wpointer_arith_C__nostartfiles__nostdlib__isystem___home_romain_zephyr_sdk_0_16_1_arm_zephyr_eabi_bin____lib_gcc_arm_zephyr_eabi_12_2_0_include___isystem___home_romain_zephyr_sdk_0_16_1_arm_zephyr_eabi_bin____lib_gcc_arm_zephyr_eabi_12_2_0_include_fixed___Wl___unresolved_symbols_ignore_in_object_files__Wl___entry_0 succeeded with the following output:
Change Dir: /home/romain/Documents/Implementation/build/CMakeFiles/CMakeTmp

Run Build Command(s):/usr/bin/ninja cmTC_41761 && [1/2] Building C object CMakeFiles/cmTC_41761.dir/src.c.obj
[2/2] Linking C executable cmTC_41761


Source file was:
int main(void) { return 0; }
Performing C SOURCE FILE Test check_Wexpansion_to_defined_C__nostartfiles__nostdlib__isystem___home_romain_zephyr_sdk_0_16_1_arm_zephyr_eabi_bin____lib_gcc_arm_zephyr_eabi_12_2_0_include___isystem___home_romain_zephyr_sdk_0_16_1_arm_zephyr_eabi_bin____lib_gcc_arm_zephyr_eabi_12_2_0_include_fixed___Wl___unresolved_symbols_ignore_in_object_files__Wl___entry_0 succeeded with the following output:
Change Dir: /home/romain/Documents/Implementation/build/CMakeFiles/CMakeTmp

Run Build Command(s):/usr/bin/ninja cmTC_07d97 && [1/2] Building C object CMakeFiles/cmTC_07d97.dir/src.c.obj
[2/2] Linking C executable cmTC_07d97


Source file was:
int main(void) { return 0; }
Performing C SOURCE FILE Test check_Wlogical_op_C__nostartfiles__nostdlib__isystem___home_romain_zephyr_sdk_0_16_1_arm_zephyr_eabi_bin____lib_gcc_arm_zephyr_eabi_12_2_0_include___isystem___home_romain_zephyr_sdk_0_16_1_arm_zephyr_eabi_bin____lib_gcc_arm_zephyr_eabi_12_2_0_include_fixed___Wl___unresolved_symbols_ignore_in_object_files__Wl___entry_0 succeeded with the following output:
Change Dir: /home/romain/Documents/Implementation/build/CMakeFiles/CMakeTmp

Run Build Command(s):/usr/bin/ninja cmTC_d39a2 && [1/2] Building C object CMakeFiles/cmTC_d39a2.dir/src.c.obj
[2/2] Linking C executable cmTC_d39a2


Source file was:
int main(void) { return 0; }
Performing C SOURCE FILE Test check_Wmissing_field_initializers_C__nostartfiles__nostdlib__isystem___home_romain_zephyr_sdk_0_16_1_arm_zephyr_eabi_bin____lib_gcc_arm_zephyr_eabi_12_2_0_include___isystem___home_romain_zephyr_sdk_0_16_1_arm_zephyr_eabi_bin____lib_gcc_arm_zephyr_eabi_12_2_0_include_fixed___Wl___unresolved_symbols_ignore_in_object_files__Wl___entry_0 succeeded with the following output:
Change Dir: /home/romain/Documents/Implementation/build/CMakeFiles/CMakeTmp

Run Build Command(s):/usr/bin/ninja cmTC_21230 && [1/2] Building C object CMakeFiles/cmTC_21230.dir/src.c.obj
[2/2] Linking C executable cmTC_21230


Source file was:
int main(void) { return 0; }
Performing C SOURCE FILE Test check_Wpacked_bitfield_compat_C__nostartfiles__nostdlib__isystem___home_romain_zephyr_sdk_0_16_1_arm_zephyr_eabi_bin____lib_gcc_arm_zephyr_eabi_12_2_0_include___isystem___home_romain_zephyr_sdk_0_16_1_arm_zephyr_eabi_bin____lib_gcc_arm_zephyr_eabi_12_2_0_include_fixed___Wl___unresolved_symbols_ignore_in_object_files__Wl___entry_0 succeeded with the following output:
Change Dir: /home/romain/Documents/Implementation/build/CMakeFiles/CMakeTmp

Run Build Command(s):/usr/bin/ninja cmTC_35d93 && [1/2] Building C object CMakeFiles/cmTC_35d93.dir/src.c.obj
[2/2] Linking C executable cmTC_35d93


Source file was:
int main(void) { return 0; }
Performing C SOURCE FILE Test check_Wvla_C__nostartfiles__nostdlib__isystem___home_romain_zephyr_sdk_0_16_1_arm_zephyr_eabi_bin____lib_gcc_arm_zephyr_eabi_12_2_0_include___isystem___home_romain_zephyr_sdk_0_16_1_arm_zephyr_eabi_bin____lib_gcc_arm_zephyr_eabi_12_2_0_include_fixed___Wl___unresolved_symbols_ignore_in_object_files__Wl___entry_0 succeeded with the following output:
Change Dir: /home/romain/Documents/Implementation/build/CMakeFiles/CMakeTmp

Run Build Command(s):/usr/bin/ninja cmTC_9579b && [1/2] Building C object CMakeFiles/cmTC_9579b.dir/src.c.obj
[2/2] Linking C executable cmTC_9579b


Source file was:
int main(void) { return 0; }
Performing C SOURCE FILE Test check_Wunused_but_set_variable_C__nostartfiles__nostdlib__isystem___home_romain_zephyr_sdk_0_16_1_arm_zephyr_eabi_bin____lib_gcc_arm_zephyr_eabi_12_2_0_include___isystem___home_romain_zephyr_sdk_0_16_1_arm_zephyr_eabi_bin____lib_gcc_arm_zephyr_eabi_12_2_0_include_fixed___Wl___unresolved_symbols_ignore_in_object_files__Wl___entry_0 succeeded with the following output:
Change Dir: /home/romain/Documents/Implementation/build/CMakeFiles/CMakeTmp

Run Build Command(s):/usr/bin/ninja cmTC_fa061 && [1/2] Building C object CMakeFiles/cmTC_fa061.dir/src.c.obj
[2/2] Linking C executable cmTC_fa061


Source file was:
int main(void) { return 0; }
Performing C SOURCE FILE Test check_Werror_implicit_int_C__nostartfiles__nostdlib__isystem___home_romain_zephyr_sdk_0_16_1_arm_zephyr_eabi_bin____lib_gcc_arm_zephyr_eabi_12_2_0_include___isystem___home_romain_zephyr_sdk_0_16_1_arm_zephyr_eabi_bin____lib_gcc_arm_zephyr_eabi_12_2_0_include_fixed___Wl___unresolved_symbols_ignore_in_object_files__Wl___entry_0 succeeded with the following output:
Change Dir: /home/romain/Documents/Implementation/build/CMakeFiles/CMakeTmp

Run Build Command(s):/usr/bin/ninja cmTC_5b277 && [1/2] Building C object CMakeFiles/cmTC_5b277.dir/src.c.obj
[2/2] Linking C executable cmTC_5b277


Source file was:
int main(void) { return 0; }
Performing C SOURCE FILE Test check_mstack_protector_guard_global_C__nostartfiles__nostdlib__isystem___home_romain_zephyr_sdk_0_16_1_arm_zephyr_eabi_bin____lib_gcc_arm_zephyr_eabi_12_2_0_include___isystem___home_romain_zephyr_sdk_0_16_1_arm_zephyr_eabi_bin____lib_gcc_arm_zephyr_eabi_12_2_0_include_fixed___Wl___unresolved_symbols_ignore_in_object_files__Wl___entry_0 succeeded with the following output:
Change Dir: /home/romain/Documents/Implementation/build/CMakeFiles/CMakeTmp

Run Build Command(s):/usr/bin/ninja cmTC_1c58a && [1/2] Building C object CMakeFiles/cmTC_1c58a.dir/src.c.obj
[2/2] Linking C executable cmTC_1c58a


Source file was:
int main(void) { return 0; }
Performing C SOURCE FILE Test check_fno_freestanding_C__nostartfiles__nostdlib__isystem___home_romain_zephyr_sdk_0_16_1_arm_zephyr_eabi_bin____lib_gcc_arm_zephyr_eabi_12_2_0_include___isystem___home_romain_zephyr_sdk_0_16_1_arm_zephyr_eabi_bin____lib_gcc_arm_zephyr_eabi_12_2_0_include_fixed___Wl___unresolved_symbols_ignore_in_object_files__Wl___entry_0 succeeded with the following output:
Change Dir: /home/romain/Documents/Implementation/build/CMakeFiles/CMakeTmp

Run Build Command(s):/usr/bin/ninja cmTC_ef626 && [1/2] Building C object CMakeFiles/cmTC_ef626.dir/src.c.obj
[2/2] Linking C executable cmTC_ef626


Source file was:
int main(void) { return 0; }
Performing C SOURCE FILE Test check_ffreestanding_C__nostartfiles__nostdlib__isystem___home_romain_zephyr_sdk_0_16_1_arm_zephyr_eabi_bin____lib_gcc_arm_zephyr_eabi_12_2_0_include___isystem___home_romain_zephyr_sdk_0_16_1_arm_zephyr_eabi_bin____lib_gcc_arm_zephyr_eabi_12_2_0_include_fixed___Wl___unresolved_symbols_ignore_in_object_files__Wl___entry_0 succeeded with the following output:
Change Dir: /home/romain/Documents/Implementation/build/CMakeFiles/CMakeTmp

Run Build Command(s):/usr/bin/ninja cmTC_19f2b && [1/2] Building C object CMakeFiles/cmTC_19f2b.dir/src.c.obj
[2/2] Linking C executable cmTC_19f2b


Source file was:
int main(void) { return 0; }
Performing C SOURCE FILE Test check_gdwarf_4_C__nostartfiles__nostdlib__isystem___home_romain_zephyr_sdk_0_16_1_arm_zephyr_eabi_bin____lib_gcc_arm_zephyr_eabi_12_2_0_include___isystem___home_romain_zephyr_sdk_0_16_1_arm_zephyr_eabi_bin____lib_gcc_arm_zephyr_eabi_12_2_0_include_fixed___Wl___unresolved_symbols_ignore_in_object_files__Wl___entry_0 succeeded with the following output:
Change Dir: /home/romain/Documents/Implementation/build/CMakeFiles/CMakeTmp

Run Build Command(s):/usr/bin/ninja cmTC_904a1 && [1/2] Building C object CMakeFiles/cmTC_904a1.dir/src.c.obj
[2/2] Linking C executable cmTC_904a1


Source file was:
int main(void) { return 0; }
Performing C SOURCE FILE Test check_C__nostartfiles__nostdlib__isystem___home_romain_zephyr_sdk_0_16_1_arm_zephyr_eabi_bin____lib_gcc_arm_zephyr_eabi_12_2_0_include___isystem___home_romain_zephyr_sdk_0_16_1_arm_zephyr_eabi_bin____lib_gcc_arm_zephyr_eabi_12_2_0_include_fixed___Wl___unresolved_symbols_ignore_in_object_files__Wl___entry_0__Wl___print_memory_usage succeeded with the following output:
Change Dir: /home/romain/Documents/Implementation/build/CMakeFiles/CMakeTmp

Run Build Command(s):/usr/bin/ninja cmTC_c46d0 && [1/2] Building C object CMakeFiles/cmTC_c46d0.dir/src.c.obj
[2/2] Linking C executable cmTC_c46d0
Memory region         Used Size  Region Size  %age Used


Source file was:
int main(void) { return 0; }
Performing C SOURCE FILE Test check_C__nostartfiles__nostdlib__isystem___home_romain_zephyr_sdk_0_16_1_arm_zephyr_eabi_bin____lib_gcc_arm_zephyr_eabi_12_2_0_include___isystem___home_romain_zephyr_sdk_0_16_1_arm_zephyr_eabi_bin____lib_gcc_arm_zephyr_eabi_12_2_0_include_fixed___Wl___unresolved_symbols_ignore_in_object_files__Wl___entry_0__pg succeeded with the following output:
Change Dir: /home/romain/Documents/Implementation/build/CMakeFiles/CMakeTmp

Run Build Command(s):/usr/bin/ninja cmTC_5b845 && [1/2] Building C object CMakeFiles/cmTC_5b845.dir/src.c.obj
[2/2] Linking C executable cmTC_5b845


Source file was:
int main(void) { return 0; }
Performing C SOURCE FILE Test check_C__nostartfiles__nostdlib__isystem___home_romain_zephyr_sdk_0_16_1_arm_zephyr_eabi_bin____lib_gcc_arm_zephyr_eabi_12_2_0_include___isystem___home_romain_zephyr_sdk_0_16_1_arm_zephyr_eabi_bin____lib_gcc_arm_zephyr_eabi_12_2_0_include_fixed___Wl___unresolved_symbols_ignore_in_object_files__Wl___entry_0__mcpu_cortex_m3__mthumb__mabi_aapcs__mfp16_format_ieee__mtp_soft succeeded with the following output:
Change Dir: /home/romain/Documents/Implementation/build/CMakeFiles/CMakeTmp

Run Build Command(s):/usr/bin/ninja cmTC_508b0 && [1/2] Building C object CMakeFiles/cmTC_508b0.dir/src.c.obj
[2/2] Linking C executable cmTC_508b0


Source file was:
int main(void) { return 0; }
Performing C SOURCE FILE Test check_C__nostartfiles__nostdlib__isystem___home_romain_zephyr_sdk_0_16_1_arm_zephyr_eabi_bin____lib_gcc_arm_zephyr_eabi_12_2_0_include___isystem___home_romain_zephyr_sdk_0_16_1_arm_zephyr_eabi_bin____lib_gcc_arm_zephyr_eabi_12_2_0_include_fixed___Wl___unresolved_symbols_ignore_in_object_files__Wl___entry_0__Wl___gc_sections succeeded with the following output:
Change Dir: /home/romain/Documents/Implementation/build/CMakeFiles/CMakeTmp

Run Build Command(s):/usr/bin/ninja cmTC_e549a && [1/2] Building C object CMakeFiles/cmTC_e549a.dir/src.c.obj
[2/2] Linking C executable cmTC_e549a


Source file was:
int main(void) { return 0; }
Performing C SOURCE FILE Test check_C__nostartfiles__nostdlib__isystem___home_romain_zephyr_sdk_0_16_1_arm_zephyr_eabi_bin____lib_gcc_arm_zephyr_eabi_12_2_0_include___isystem___home_romain_zephyr_sdk_0_16_1_arm_zephyr_eabi_bin____lib_gcc_arm_zephyr_eabi_12_2_0_include_fixed___Wl___unresolved_symbols_ignore_in_object_files__Wl___entry_0__Wl___build_id_none succeeded with the following output:
Change Dir: /home/romain/Documents/Implementation/build/CMakeFiles/CMakeTmp

Run Build Command(s):/usr/bin/ninja cmTC_ffee8 && [1/2] Building C object CMakeFiles/cmTC_ffee8.dir/src.c.obj
[2/2] Linking C executable cmTC_ffee8


Source file was:
int main(void) { return 0; }
Performing C SOURCE FILE Test check_C__nostartfiles__nostdlib__isystem___home_romain_zephyr_sdk_0_16_1_arm_zephyr_eabi_bin____lib_gcc_arm_zephyr_eabi_12_2_0_include___isystem___home_romain_zephyr_sdk_0_16_1_arm_zephyr_eabi_bin____lib_gcc_arm_zephyr_eabi_12_2_0_include_fixed___Wl___unresolved_symbols_ignore_in_object_files__Wl___entry_0__Wl___sort_common_descending succeeded with the following output:
Change Dir: /home/romain/Documents/Implementation/build/CMakeFiles/CMakeTmp

Run Build Command(s):/usr/bin/ninja cmTC_e930e && [1/2] Building C object CMakeFiles/cmTC_e930e.dir/src.c.obj
[2/2] Linking C executable cmTC_e930e


Source file was:
int main(void) { return 0; }
Performing C SOURCE FILE Test check_C__nostartfiles__nostdlib__isystem___home_romain_zephyr_sdk_0_16_1_arm_zephyr_eabi_bin____lib_gcc_arm_zephyr_eabi_12_2_0_include___isystem___home_romain_zephyr_sdk_0_16_1_arm_zephyr_eabi_bin____lib_gcc_arm_zephyr_eabi_12_2_0_include_fixed___Wl___unresolved_symbols_ignore_in_object_files__Wl___entry_0__Wl___sort_section_alignment succeeded with the following output:
Change Dir: /home/romain/Documents/Implementation/build/CMakeFiles/CMakeTmp

Run Build Command(s):/usr/bin/ninja cmTC_6702d && [1/2] Building C object CMakeFiles/cmTC_6702d.dir/src.c.obj
[2/2] Linking C executable cmTC_6702d


Source file was:
int main(void) { return 0; }
Performing C SOURCE FILE Test check_C__nostartfiles__nostdlib__isystem___home_romain_zephyr_sdk_0_16_1_arm_zephyr_eabi_bin____lib_gcc_arm_zephyr_eabi_12_2_0_include___isystem___home_romain_zephyr_sdk_0_16_1_arm_zephyr_eabi_bin____lib_gcc_arm_zephyr_eabi_12_2_0_include_fixed___Wl___unresolved_symbols_ignore_in_object_files__Wl___entry_0__nostdlib succeeded with the following output:
Change Dir: /home/romain/Documents/Implementation/build/CMakeFiles/CMakeTmp

Run Build Command(s):/usr/bin/ninja cmTC_4ff4a && [1/2] Building C object CMakeFiles/cmTC_4ff4a.dir/src.c.obj
[2/2] Linking C executable cmTC_4ff4a


Source file was:
int main(void) { return 0; }
Performing C SOURCE FILE Test check_C__nostartfiles__nostdlib__isystem___home_romain_zephyr_sdk_0_16_1_arm_zephyr_eabi_bin____lib_gcc_arm_zephyr_eabi_12_2_0_include___isystem___home_romain_zephyr_sdk_0_16_1_arm_zephyr_eabi_bin____lib_gcc_arm_zephyr_eabi_12_2_0_include_fixed___Wl___unresolved_symbols_ignore_in_object_files__Wl___entry_0__static succeeded with the following output:
Change Dir: /home/romain/Documents/Implementation/build/CMakeFiles/CMakeTmp

Run Build Command(s):/usr/bin/ninja cmTC_2d8d2 && [1/2] Building C object CMakeFiles/cmTC_2d8d2.dir/src.c.obj
[2/2] Linking C executable cmTC_2d8d2


Source file was:
int main(void) { return 0; }
Performing C SOURCE FILE Test check_C__nostartfiles__nostdlib__isystem___home_romain_zephyr_sdk_0_16_1_arm_zephyr_eabi_bin____lib_gcc_arm_zephyr_eabi_12_2_0_include___isystem___home_romain_zephyr_sdk_0_16_1_arm_zephyr_eabi_bin____lib_gcc_arm_zephyr_eabi_12_2_0_include_fixed___Wl___unresolved_symbols_ignore_in_object_files__Wl___entry_0__Wl__X succeeded with the following output:
Change Dir: /home/romain/Documents/Implementation/build/CMakeFiles/CMakeTmp

Run Build Command(s):/usr/bin/ninja cmTC_4bc70 && [1/2] Building C object CMakeFiles/cmTC_4bc70.dir/src.c.obj
[2/2] Linking C executable cmTC_4bc70


Source file was:
int main(void) { return 0; }
Performing C SOURCE FILE Test check_C__nostartfiles__nostdlib__isystem___home_romain_zephyr_sdk_0_16_1_arm_zephyr_eabi_bin____lib_gcc_arm_zephyr_eabi_12_2_0_include___isystem___home_romain_zephyr_sdk_0_16_1_arm_zephyr_eabi_bin____lib_gcc_arm_zephyr_eabi_12_2_0_include_fixed___Wl___unresolved_symbols_ignore_in_object_files__Wl___entry_0__Wl__N succeeded with the following output:
Change Dir: /home/romain/Documents/Implementation/build/CMakeFiles/CMakeTmp

Run Build Command(s):/usr/bin/ninja cmTC_9c037 && [1/2] Building C object CMakeFiles/cmTC_9c037.dir/src.c.obj
[2/2] Linking C executable cmTC_9c037


Source file was:
int main(void) { return 0; }
Performing C SOURCE FILE Test check_C__nostartfiles__nostdlib__isystem___home_romain_zephyr_sdk_0_16_1_arm_zephyr_eabi_bin____lib_gcc_arm_zephyr_eabi_12_2_0_include___isystem___home_romain_zephyr_sdk_0_16_1_arm_zephyr_eabi_bin____lib_gcc_arm_zephyr_eabi_12_2_0_include_fixed___Wl___unresolved_symbols_ignore_in_object_files__Wl___entry_0__Wl___orphan_handling_warn succeeded with the following output:
Change Dir: /home/romain/Documents/Implementation/build/CMakeFiles/CMakeTmp

Run Build Command(s):/usr/bin/ninja cmTC_12989 && [1/2] Building C object CMakeFiles/cmTC_12989.dir/src.c.obj
[2/2] Linking C executable cmTC_12989


Source file was:
int main(void) { return 0; }
Performing C SOURCE FILE Test check_fno_asynchronous_unwind_tables_C__nostartfiles__nostdlib__isystem___home_romain_zephyr_sdk_0_16_1_arm_zephyr_eabi_bin____lib_gcc_arm_zephyr_eabi_12_2_0_include___isystem___home_romain_zephyr_sdk_0_16_1_arm_zephyr_eabi_bin____lib_gcc_arm_zephyr_eabi_12_2_0_include_fixed___Wl___unresolved_symbols_ignore_in_object_files__Wl___entry_0 succeeded with the following output:
Change Dir: /home/romain/Documents/Implementation/build/CMakeFiles/CMakeTmp

Run Build Command(s):/usr/bin/ninja cmTC_3a584 && [1/2] Building C object CMakeFiles/cmTC_3a584.dir/src.c.obj
[2/2] Linking C executable cmTC_3a584


Source file was:
int main(void) { return 0; }
Performing C SOURCE FILE Test check_ftls_model_local_exec_C__nostartfiles__nostdlib__isystem___home_romain_zephyr_sdk_0_16_1_arm_zephyr_eabi_bin____lib_gcc_arm_zephyr_eabi_12_2_0_include___isystem___home_romain_zephyr_sdk_0_16_1_arm_zephyr_eabi_bin____lib_gcc_arm_zephyr_eabi_12_2_0_include_fixed___Wl___unresolved_symbols_ignore_in_object_files__Wl___entry_0 succeeded with the following output:
Change Dir: /home/romain/Documents/Implementation/build/CMakeFiles/CMakeTmp

Run Build Command(s):/usr/bin/ninja cmTC_0efd8 && [1/2] Building C object CMakeFiles/cmTC_0efd8.dir/src.c.obj
[2/2] Linking C executable cmTC_0efd8


Source file was:
int main(void) { return 0; }
Performing C SOURCE FILE Test check_fno_reorder_functions_C__nostartfiles__nostdlib__isystem___home_romain_zephyr_sdk_0_16_1_arm_zephyr_eabi_bin____lib_gcc_arm_zephyr_eabi_12_2_0_include___isystem___home_romain_zephyr_sdk_0_16_1_arm_zephyr_eabi_bin____lib_gcc_arm_zephyr_eabi_12_2_0_include_fixed___Wl___unresolved_symbols_ignore_in_object_files__Wl___entry_0 succeeded with the following output:
Change Dir: /home/romain/Documents/Implementation/build/CMakeFiles/CMakeTmp

Run Build Command(s):/usr/bin/ninja cmTC_4ad31 && [1/2] Building C object CMakeFiles/cmTC_4ad31.dir/src.c.obj
[2/2] Linking C executable cmTC_4ad31


Source file was:
int main(void) { return 0; }
Performing C SOURCE FILE Test check__param_min_pagesize_0_C__nostartfiles__nostdlib__isystem___home_romain_zephyr_sdk_0_16_1_arm_zephyr_eabi_bin____lib_gcc_arm_zephyr_eabi_12_2_0_include___isystem___home_romain_zephyr_sdk_0_16_1_arm_zephyr_eabi_bin____lib_gcc_arm_zephyr_eabi_12_2_0_include_fixed___Wl___unresolved_symbols_ignore_in_object_files__Wl___entry_0 succeeded with the following output:
Change Dir: /home/romain/Documents/Implementation/build/CMakeFiles/CMakeTmp

Run Build Command(s):/usr/bin/ninja cmTC_99194 && [1/2] Building C object CMakeFiles/cmTC_99194.dir/src.c.obj
[2/2] Linking C executable cmTC_99194


Source file was:
int main(void) { return 0; }
Performing C SOURCE FILE Test check_fno_defer_pop_C__nostartfiles__nostdlib__isystem___home_romain_zephyr_sdk_0_16_1_arm_zephyr_eabi_bin____lib_gcc_arm_zephyr_eabi_12_2_0_include___isystem___home_romain_zephyr_sdk_0_16_1_arm_zephyr_eabi_bin____lib_gcc_arm_zephyr_eabi_12_2_0_include_fixed___Wl___unresolved_symbols_ignore_in_object_files__Wl___entry_0 succeeded with the following output:
Change Dir: /home/romain/Documents/Implementation/build/CMakeFiles/CMakeTmp

Run Build Command(s):/usr/bin/ninja cmTC_3a47a && [1/2] Building C object CMakeFiles/cmTC_3a47a.dir/src.c.obj
[2/2] Linking C executable cmTC_3a47a


Source file was:
int main(void) { return 0; }
Performing C SOURCE FILE Test check_fmacro_prefix_map__home_romain_Documents_Implementation_CMAKE_SOURCE_DIR_C__nostartfiles__nostdlib__isystem___home_romain_zephyr_sdk_0_16_1_arm_zephyr_eabi_bin____lib_gcc_arm_zephyr_eabi_12_2_0_include___isystem___home_romain_zephyr_sdk_0_16_1_arm_zephyr_eabi_bin____lib_gcc_arm_zephyr_eabi_12_2_0_include_fixed___Wl___unresolved_symbols_ignore_in_object_files__Wl___entry_0 succeeded with the following output:
Change Dir: /home/romain/Documents/Implementation/build/CMakeFiles/CMakeTmp

Run Build Command(s):/usr/bin/ninja cmTC_7ce48 && [1/2] Building C object CMakeFiles/cmTC_7ce48.dir/src.c.obj
[2/2] Linking C executable cmTC_7ce48


Source file was:
int main(void) { return 0; }
Performing C SOURCE FILE Test check_fmacro_prefix_map__home_romain_zephyrproject_zephyr_ZEPHYR_BASE_C__nostartfiles__nostdlib__isystem___home_romain_zephyr_sdk_0_16_1_arm_zephyr_eabi_bin____lib_gcc_arm_zephyr_eabi_12_2_0_include___isystem___home_romain_zephyr_sdk_0_16_1_arm_zephyr_eabi_bin____lib_gcc_arm_zephyr_eabi_12_2_0_include_fixed___Wl___unresolved_symbols_ignore_in_object_files__Wl___entry_0 succeeded with the following output:
Change Dir: /home/romain/Documents/Implementation/build/CMakeFiles/CMakeTmp

Run Build Command(s):/usr/bin/ninja cmTC_9fcf5 && [1/2] Building C object CMakeFiles/cmTC_9fcf5.dir/src.c.obj
[2/2] Linking C executable cmTC_9fcf5


Source file was:
int main(void) { return 0; }
Performing C SOURCE FILE Test check_fmacro_prefix_map__home_romain_zephyrproject_WEST_TOPDIR_C__nostartfiles__nostdlib__isystem___home_romain_zephyr_sdk_0_16_1_arm_zephyr_eabi_bin____lib_gcc_arm_zephyr_eabi_12_2_0_include___isystem___home_romain_zephyr_sdk_0_16_1_arm_zephyr_eabi_bin____lib_gcc_arm_zephyr_eabi_12_2_0_include_fixed___Wl___unresolved_symbols_ignore_in_object_files__Wl___entry_0 succeeded with the following output:
Change Dir: /home/romain/Documents/Implementation/build/CMakeFiles/CMakeTmp

Run Build Command(s):/usr/bin/ninja cmTC_dc962 && [1/2] Building C object CMakeFiles/cmTC_dc962.dir/src.c.obj
[2/2] Linking C executable cmTC_dc962


Source file was:
int main(void) { return 0; }
Performing C SOURCE FILE Test check_ffunction_sections_C__nostartfiles__nostdlib__isystem___home_romain_zephyr_sdk_0_16_1_arm_zephyr_eabi_bin____lib_gcc_arm_zephyr_eabi_12_2_0_include___isystem___home_romain_zephyr_sdk_0_16_1_arm_zephyr_eabi_bin____lib_gcc_arm_zephyr_eabi_12_2_0_include_fixed___Wl___unresolved_symbols_ignore_in_object_files__Wl___entry_0 succeeded with the following output:
Change Dir: /home/romain/Documents/Implementation/build/CMakeFiles/CMakeTmp

Run Build Command(s):/usr/bin/ninja cmTC_f209f && [1/2] Building C object CMakeFiles/cmTC_f209f.dir/src.c.obj
[2/2] Linking C executable cmTC_f209f


Source file was:
int main(void) { return 0; }
Performing C SOURCE FILE Test check_fdata_sections_C__nostartfiles__nostdlib__isystem___home_romain_zephyr_sdk_0_16_1_arm_zephyr_eabi_bin____lib_gcc_arm_zephyr_eabi_12_2_0_include___isystem___home_romain_zephyr_sdk_0_16_1_arm_zephyr_eabi_bin____lib_gcc_arm_zephyr_eabi_12_2_0_include_fixed___Wl___unresolved_symbols_ignore_in_object_files__Wl___entry_0 succeeded with the following output:
Change Dir: /home/romain/Documents/Implementation/build/CMakeFiles/CMakeTmp

Run Build Command(s):/usr/bin/ninja cmTC_0c554 && [1/2] Building C object CMakeFiles/cmTC_0c554.dir/src.c.obj
[2/2] Linking C executable cmTC_0c554


Source file was:
int main(void) { return 0; }
